<?xml version="1.0" encoding="UTF-8"?>
<!-- Generated by org.testng.reporters.JUnitXMLReporter -->
<testsuite hostname="Rishis-MacBook-Pro.local" ignored="0" name="SmokeTest - Chrome Browser" tests="1" failures="0" timestamp="2021-06-28T18:17:38 IST" time="0.066" errors="0">
  <testcase name="@BeforeClass setUpClass" time="0.042" classname="WebdriverBase.CustomAbstractTestNGCucumberRunner">
    <failure type="java.lang.IllegalArgumentException" message="The plugin specification &amp;apos;ru.yandex.qatools.allure.cucumber6jvm.AllureCucumber6Jvm&amp;apos; has a problem:

Could not load plugin class &amp;apos;ru.yandex.qatools.allure.cucumber6jvm.AllureCucumber6Jvm&amp;apos;.

Plugin specifications should have the format of PLUGIN[:[PATH|[URI [OPTIONS]]]

Valid values for PLUGIN are: default_summary, html, json, junit, message, null_summary, pretty, progress, rerun, summary, teamcity, testng, timeline, unused, usage

PLUGIN can also be a fully qualified class name, allowing registration of 3rd party plugins. The 3rd party plugin must implement io.cucumber.plugin.Plugin">
      <![CDATA[java.lang.IllegalArgumentException: The plugin specification 'ru.yandex.qatools.allure.cucumber6jvm.AllureCucumber6Jvm' has a problem:

Could not load plugin class 'ru.yandex.qatools.allure.cucumber6jvm.AllureCucumber6Jvm'.

Plugin specifications should have the format of PLUGIN[:[PATH|[URI [OPTIONS]]]

Valid values for PLUGIN are: default_summary, html, json, junit, message, null_summary, pretty, progress, rerun, summary, teamcity, testng, timeline, unused, usage

PLUGIN can also be a fully qualified class name, allowing registration of 3rd party plugins. The 3rd party plugin must implement io.cucumber.plugin.Plugin
at io.cucumber.core.options.PluginOption.createCouldNotLoadClass(PluginOption.java:168)
at io.cucumber.core.options.PluginOption.parsePluginName(PluginOption.java:146)
at io.cucumber.core.options.PluginOption.parse(PluginOption.java:101)
at io.cucumber.core.options.RuntimeOptionsBuilder.addPluginName(RuntimeOptionsBuilder.java:68)
at io.cucumber.core.options.CucumberOptionsAnnotationParser.addPlugins(CucumberOptionsAnnotationParser.java:87)
at io.cucumber.core.options.CucumberOptionsAnnotationParser.parse(CucumberOptionsAnnotationParser.java:41)
at io.cucumber.testng.TestNGCucumberRunner.<init>(TestNGCucumberRunner.java:73)
at WebdriverBase.CustomAbstractTestNGCucumberRunner.setUpClass(CustomAbstractTestNGCucumberRunner.java:30)
at java.util.concurrent.ThreadPoolExecutor.runWorker(ThreadPoolExecutor.java:1149)
at java.util.concurrent.ThreadPoolExecutor$Worker.run(ThreadPoolExecutor.java:624)
at java.lang.Thread.run(Thread.java:748)
Caused by: java.lang.ClassNotFoundException: ru.yandex.qatools.allure.cucumber6jvm.AllureCucumber6Jvm
at java.net.URLClassLoader.findClass(URLClassLoader.java:382)
at java.lang.ClassLoader.loadClass(ClassLoader.java:424)
at sun.misc.Launcher$AppClassLoader.loadClass(Launcher.java:349)
at java.lang.ClassLoader.loadClass(ClassLoader.java:357)
at io.cucumber.core.options.PluginOption.parsePluginName(PluginOption.java:140)
... 19 more
... Removed 10 stack frames]]>
    </failure>
  </testcase> <!-- @BeforeClass setUpClass -->
  <testcase name="@AfterClass tearDownClass" time="0.001" classname="WebdriverBase.CustomAbstractTestNGCucumberRunner">
    <failure type="java.lang.NullPointerException">
      <![CDATA[java.lang.NullPointerException
at WebdriverBase.CustomAbstractTestNGCucumberRunner.tearDownClass(CustomAbstractTestNGCucumberRunner.java:45)
at java.util.concurrent.ThreadPoolExecutor.runWorker(ThreadPoolExecutor.java:1149)
at java.util.concurrent.ThreadPoolExecutor$Worker.run(ThreadPoolExecutor.java:624)
at java.lang.Thread.run(Thread.java:748)
... Removed 10 stack frames]]>
    </failure>
  </testcase> <!-- @AfterClass tearDownClass -->
  <testcase name="scenario" time="0.0" classname="WebdriverBase.CustomAbstractTestNGCucumberRunner">
    <skipped/>
  </testcase> <!-- scenario -->
</testsuite> <!-- SmokeTest - Chrome Browser -->
